Removed Pin From Net: NetName=POS3V3 Pin=C13-1
Removed Pin From Net: NetName=POS3V3 Pin=C14-2
Removed Pin From Net: NetName=POS3V3 Pin=C15-2
Removed Pin From Net: NetName=POS3V3 Pin=C21-2
Removed Pin From Net: NetName=POS3V3 Pin=L2-2
Removed Pin From Net: NetName=POS3V3 Pin=R8-2
Removed Pin From Net: NetName=POS3V3 Pin=R9-2
Removed Member From Class: ClassName=U_LMR14050_mod2 Member=C1
Removed Member From Class: ClassName=U_LMR14050_mod2 Member=C3
Removed Member From Class: ClassName=U_POS12V Member=C5
Removed Member From Class: ClassName=U_LMR14050_mod Member=C8
Removed Member From Class: ClassName=U_POS12V Member=C8
Removed Member From Class: ClassName=Main Member=C10
Removed Member From Class: ClassName=U_LMR14050_mod Member=C11
Removed Member From Class: ClassName=U_LMR14050_mod2 Member=R1
Removed Member From Class: ClassName=U_POS12V Member=R2
Removed Member From Class: ClassName=Main Member=R3
Removed Member From Class: ClassName=U_POS5V Member=R3
Removed Member From Class: ClassName=U_POS5V Member=R8
Removed Member From Class: ClassName=U_LMR14050_mod Member=U2
Added Pin To Net: NetName=POS12V Pin=C13-1
Added Pin To Net: NetName=POS12V Pin=C14-2
Added Pin To Net: NetName=POS12V Pin=C15-2
Added Pin To Net: NetName=POS12V Pin=C21-2
Added Pin To Net: NetName=POS12V Pin=L2-2
Added Pin To Net: NetName=POS12V Pin=R8-2
Added Pin To Net: NetName=POS12V Pin=R9-2
Added Member To Class: ClassName=U_LMR14050_mod Member=Component C2 Cap
Added Member To Class: ClassName=U_LMR14050_mod Member=Component C3 Cap
Added Member To Class: ClassName=U_LMR14050_mod Member=Component C4 Cap
Added Member To Class: ClassName=U_LMR14050_mod Member=Component C5 Cap
Added Member To Class: ClassName=U_LMR14050_mod Member=Component C6 Cap
Added Member To Class: ClassName=Main Member=Component C9 EEEFK1V680XP
Added Member To Class: ClassName=U_POS5V Member=Component C12 Cap
Added Member To Class: ClassName=U_POS12V Member=Component C13 EEEFK1V680XP
Added Member To Class: ClassName=U_POS12V Member=Component C14 Cap
Added Member To Class: ClassName=U_POS12V Member=Component C15 Cap
Added Member To Class: ClassName=U_LMR14050_mod2 Member=Component C17 Cap
Added Member To Class: ClassName=U_LMR14050_mod2 Member=Component C19 Cap
Added Member To Class: ClassName=U_LMR14050_mod2 Member=Component C21 Cap
Added Member To Class: ClassName=Main Member=Component R4 Res
Added Member To Class: ClassName=U_POS5V Member=Component R5 Res
Added Member To Class: ClassName=U_POS5V Member=Component R6 Res
Added Member To Class: ClassName=U_POS5V Member=Component R7 Res
Added Member To Class: ClassName=U_POS12V Member=Component R10 Res
Added Member To Class: ClassName=U_LMR14050_mod2 Member=Component R12 Res
Added Member To Class: ClassName=U_LMR14050_mod Member=Component U1 LMR14050SDDAR
